<?xml version="1.0" encoding="UTF-8"?>
<testng-results ignored="0" total="1" passed="1" failed="0" skipped="0">
  <reporter-output>
  </reporter-output>
  <suite started-at="2023-11-24T05:59:29Z" name="Default suite" finished-at="2023-11-24T05:59:41Z" duration-ms="11945">
    <groups>
    </groups>
    <test started-at="2023-11-24T05:59:29Z" name="Default test" finished-at="2023-11-24T05:59:41Z" duration-ms="11945">
      <class name="testcases.ValidateAddAndRemoveCartFunctionality">
        <test-method is-config="true" signature="launchTheBrowser()[pri:0, instance:testcases.ValidateAddAndRemoveCartFunctionality@600b9d27]" started-at="2023-11-24T05:59:29Z" name="launchTheBrowser" finished-at="2023-11-24T05:59:35Z" duration-ms="5769" status="PASS">
          <reporter-output>
          </reporter-output>
        </test-method> <!-- launchTheBrowser -->
        <test-method signature="validateAddAndRemoveFunctionalityFromCart()[pri:0, instance:testcases.ValidateAddAndRemoveCartFunctionality@600b9d27]" started-at="2023-11-24T05:59:35Z" name="validateAddAndRemoveFunctionalityFromCart" finished-at="2023-11-24T05:59:41Z" duration-ms="6123" status="PASS">
          <reporter-output>
          </reporter-output>
        </test-method> <!-- validateAddAndRemoveFunctionalityFromCart -->
      </class> <!-- testcases.ValidateAddAndRemoveCartFunctionality -->
    </test> <!-- Default test -->
  </suite> <!-- Default suite -->
</testng-results>
